2023-03-06T10:41:11.207+05:30  INFO 6558 --- [main] c.s.s.SpringbootadminApplication         : Starting SpringbootadminApplication using Java 17.0.6 with PID 6558 (/Users/sudeepcv/Desktop/springbootadmin/target/classes started by sudeepcv in /Users/sudeepcv/Desktop/springbootadmin)
2023-03-06T10:41:11.209+05:30  INFO 6558 --- [main] c.s.s.SpringbootadminApplication         : No active profile set, falling back to 1 default profile: "default"
2023-03-06T10:41:11.949+05:30  WARN 6558 --- [main] onfigReactiveWebServerApplicationContext : Exception encountered during context initialization - cancelling refresh attempt: org.springframework.beans.factory.UnsatisfiedDependencyException: Error creating bean with name 'errorWebExceptionHandler' defined in class path resource [org/springframework/boot/autoconfigure/web/reactive/error/ErrorWebFluxAutoConfiguration.class]: Unsatisfied dependency expressed through method 'errorWebExceptionHandler' parameter 3: Error creating bean with name 'org.springframework.boot.autoconfigure.web.reactive.WebFluxAutoConfiguration$EnableWebFluxConfiguration': Unsatisfied dependency expressed through method 'setConfigurers' parameter 0: Error creating bean with name 'de.codecentric.boot.admin.server.ui.config.AdminServerUiAutoConfiguration$ReactiveUiConfiguration$AdminUiWebfluxConfig': Unsatisfied dependency expressed through constructor parameter 1: No qualifying bean of type 'de.codecentric.boot.admin.server.config.AdminServerProperties' available: expected single matching bean but found 2: adminServerProperties,spring.boot.admin-de.codecentric.boot.admin.server.config.AdminServerProperties
2023-03-06T10:41:11.965+05:30  INFO 6558 --- [main] .s.b.a.l.ConditionEvaluationReportLogger : 

Error starting ApplicationContext. To display the condition evaluation report re-run your application with 'debug' enabled.
2023-03-06T10:41:11.976+05:30 ERROR 6558 --- [main] o.s.b.d.LoggingFailureAnalysisReporter   : 

***************************
APPLICATION FAILED TO START
***************************

Description:

Parameter 1 of constructor in de.codecentric.boot.admin.server.ui.config.AdminServerUiAutoConfiguration$ReactiveUiConfiguration$AdminUiWebfluxConfig required a single bean, but 2 were found:
	- adminServerProperties: defined by method 'adminServerProperties' in class path resource [com/sudeepcv/springbootadmin/SpringbootadminConfig.class]
	- spring.boot.admin-de.codecentric.boot.admin.server.config.AdminServerProperties: defined in unknown location


Action:

Consider marking one of the beans as @Primary, updating the consumer to accept multiple beans, or using @Qualifier to identify the bean that should be consumed

2023-03-06T10:41:56.338+05:30  INFO 6586 --- [main] c.s.s.SpringbootadminApplication         : Starting SpringbootadminApplication using Java 17.0.6 with PID 6586 (/Users/sudeepcv/Desktop/springbootadmin/target/classes started by sudeepcv in /Users/sudeepcv/Desktop/springbootadmin)
2023-03-06T10:41:56.339+05:30  INFO 6586 --- [main] c.s.s.SpringbootadminApplication         : No active profile set, falling back to 1 default profile: "default"
2023-03-06T10:41:57.102+05:30  WARN 6586 --- [main] ion$DefaultTemplateResolverConfiguration : Cannot find template location: classpath:/templates/ (please add some templates, check your Thymeleaf configuration, or set spring.thymeleaf.check-template-location=false)
2023-03-06T10:41:57.259+05:30  INFO 6586 --- [main] o.s.b.a.e.web.EndpointLinksResolver      : Exposing 14 endpoint(s) beneath base path '/actuator'
2023-03-06T10:41:57.412+05:30 ERROR 6586 --- [main] i.n.r.d.DnsServerAddressStreamProviders  : Unable to load io.netty.resolver.dns.macos.MacOSDnsServerAddressStreamProvider, fallback to system defaults. This may result in incorrect DNS resolutions on MacOS. Check whether you have a dependency on 'io.netty:netty-resolver-dns-native-macos'. Use DEBUG level to see the full stack: java.lang.UnsatisfiedLinkError: failed to load the required native library
2023-03-06T10:41:57.588+05:30  INFO 6586 --- [main] o.s.b.web.embedded.netty.NettyWebServer  : Netty started on port 8085
2023-03-06T10:41:57.600+05:30  INFO 6586 --- [main] c.s.s.SpringbootadminApplication         : Started SpringbootadminApplication in 1.494 seconds (process running for 1.67)
2023-03-06T10:41:57.983+05:30  INFO 6586 --- [registrationTask1] d.c.b.a.c.r.ApplicationRegistrator       : Application registered itself as 2438ebd67f8a
